0 info it worked if it ends with ok
1 verbose cli [ '/usr/local/Cellar/node/7.3.0/bin/node',
1 verbose cli   '/usr/local/bin/npm',
1 verbose cli   'run',
1 verbose cli   'c' ]
2 info using npm@3.10.10
3 info using node@v7.3.0
4 verbose run-script [ 'prec', 'c', 'postc' ]
5 info lifecycle assignment_secrets@1.0.0~prec: assignment_secrets@1.0.0
6 silly lifecycle assignment_secrets@1.0.0~prec: no script for prec, continuing
7 info lifecycle assignment_secrets@1.0.0~c: assignment_secrets@1.0.0
8 verbose lifecycle assignment_secrets@1.0.0~c: unsafe-perm in lifecycle true
9 verbose lifecycle assignment_secrets@1.0.0~c: PATH: /usr/local/lib/node_modules/npm/bin/node-gyp-bin:/Users/thomasmclaughlin/VikingCodeSchool/javascript/authentication/assignment_secrets/node_modules/.bin:/usr/local/Cellar/node/7.3.0/bin:/usr/local/Cellar/puma-dev/:/Users/thomasmclaughlin/.rvm/gems/ruby-2.3.1/bin:/Users/thomasmclaughlin/.rvm/gems/ruby-2.3.1@global/bin:/Users/thomasmclaughlin/.rvm/rubies/ruby-2.3.1/bin:/usr/local/bin:/usr/bin:/bin:/usr/sbin:/sbin:/usr/local/git/bin:/Users/thomasmclaughlin/.rvm/bin:/usr/local/bin:/usr/bin:/bin:/usr/sbin:/sbin:/usr/local/git/bin:/Users/thomasmclaughlin/.rvm/bin:/Users/thomasmclaughlin/Library/Android/sdk/platform-tools
10 verbose lifecycle assignment_secrets@1.0.0~c: CWD: /Users/thomasmclaughlin/VikingCodeSchool/javascript/authentication/assignment_secrets
11 silly lifecycle assignment_secrets@1.0.0~c: Args: [ '-c', 'node repl.js' ]
12 silly lifecycle assignment_secrets@1.0.0~c: Returned: code: 1  signal: null
13 info lifecycle assignment_secrets@1.0.0~c: Failed to exec c script
14 verbose stack Error: assignment_secrets@1.0.0 c: `node repl.js`
14 verbose stack Exit status 1
14 verbose stack     at EventEmitter.<anonymous> (/usr/local/lib/node_modules/npm/lib/utils/lifecycle.js:255:16)
14 verbose stack     at emitTwo (events.js:106:13)
14 verbose stack     at EventEmitter.emit (events.js:191:7)
14 verbose stack     at ChildProcess.<anonymous> (/usr/local/lib/node_modules/npm/lib/utils/spawn.js:40:14)
14 verbose stack     at emitTwo (events.js:106:13)
14 verbose stack     at ChildProcess.emit (events.js:191:7)
14 verbose stack     at maybeClose (internal/child_process.js:885:16)
14 verbose stack     at Process.ChildProcess._handle.onexit (internal/child_process.js:226:5)
15 verbose pkgid assignment_secrets@1.0.0
16 verbose cwd /Users/thomasmclaughlin/VikingCodeSchool/javascript/authentication/assignment_secrets
17 error Darwin 16.1.0
18 error argv "/usr/local/Cellar/node/7.3.0/bin/node" "/usr/local/bin/npm" "run" "c"
19 error node v7.3.0
20 error npm  v3.10.10
21 error code ELIFECYCLE
22 error assignment_secrets@1.0.0 c: `node repl.js`
22 error Exit status 1
23 error Failed at the assignment_secrets@1.0.0 c script 'node repl.js'.
23 error Make sure you have the latest version of node.js and npm installed.
23 error If you do, this is most likely a problem with the assignment_secrets package,
23 error not with npm itself.
23 error Tell the author that this fails on your system:
23 error     node repl.js
23 error You can get information on how to open an issue for this project with:
23 error     npm bugs assignment_secrets
23 error Or if that isn't available, you can get their info via:
23 error     npm owner ls assignment_secrets
23 error There is likely additional logging output above.
24 verbose exit [ 1, true ]
